
2015-03-25 14:18:50,808 [INFO] cloudfoundry - CloudFoundry Initialized.
2015-03-25 14:18:50,823 [INFO] cloudfoundry - Build Pack Version: https://github.com/cloudfoundry/php-buildpack#f5b0b78
2015-03-25 14:18:50,896 [INFO] cache - Using [/tmp/cache] as cache directory.
2015-03-25 14:18:50,917 [INFO] builder - Installed build pack utils.
2015-03-25 14:18:51,111 [INFO] downloads - Downloaded [https://pivotal-buildpacks.s3.amazonaws.com/php/binaries/lucid/httpd/2.4.10/httpd-2.4.10.tar.gz.sha1] to memory
2015-03-25 14:18:51,818 [INFO] downloads - Downloaded [https://pivotal-buildpacks.s3.amazonaws.com/php/binaries/lucid/httpd/2.4.10/httpd-2.4.10.tar.gz] to [/tmp/httpd-2.4.10.tar.gz]
2015-03-25 14:18:51,827 [INFO] zips - Extracting [/tmp/cache/httpd-2.4.10.tar.gz] into [/tmp/staged/app/httpd]
2015-03-25 14:18:51,900 [INFO] builder - Installed [HTTPD] to [/tmp/staged/app/httpd]
2015-03-25 14:18:51,906 [INFO] utils - Rewriting configuration under [/tmp/staged/app/httpd/conf]
2015-03-25 14:18:51,918 [INFO] cache - Using [/tmp/cache] as cache directory.
2015-03-25 14:18:52,079 [INFO] downloads - Downloaded [https://pivotal-buildpacks.s3.amazonaws.com/php/binaries/lucid/httpd/2.4.10/httpd-mod_unixd-2.4.10.tar.gz.sha1] to memory
2015-03-25 14:18:52,249 [INFO] downloads - Downloaded [https://pivotal-buildpacks.s3.amazonaws.com/php/binaries/lucid/httpd/2.4.10/httpd-mod_unixd-2.4.10.tar.gz] to [/tmp/httpd-mod_unixd-2.4.10.tar.gz]
2015-03-25 14:18:52,250 [INFO] zips - Extracting [/tmp/cache/httpd-mod_unixd-2.4.10.tar.gz] into [/tmp/staged/app/httpd]
2015-03-25 14:18:52,418 [INFO] downloads - Downloaded [https://pivotal-buildpacks.s3.amazonaws.com/php/binaries/lucid/httpd/2.4.10/httpd-mod_setenvif-2.4.10.tar.gz.sha1] to memory
2015-03-25 14:18:52,744 [INFO] downloads - Downloaded [https://pivotal-buildpacks.s3.amazonaws.com/php/binaries/lucid/httpd/2.4.10/httpd-mod_setenvif-2.4.10.tar.gz] to [/tmp/httpd-mod_setenvif-2.4.10.tar.gz]
2015-03-25 14:18:52,745 [INFO] zips - Extracting [/tmp/cache/httpd-mod_setenvif-2.4.10.tar.gz] into [/tmp/staged/app/httpd]
2015-03-25 14:18:52,918 [INFO] downloads - Downloaded [https://pivotal-buildpacks.s3.amazonaws.com/php/binaries/lucid/httpd/2.4.10/httpd-mod_proxy-2.4.10.tar.gz.sha1] to memory
2015-03-25 14:18:53,207 [INFO] downloads - Downloaded [https://pivotal-buildpacks.s3.amazonaws.com/php/binaries/lucid/httpd/2.4.10/httpd-mod_proxy-2.4.10.tar.gz] to [/tmp/httpd-mod_proxy-2.4.10.tar.gz]
2015-03-25 14:18:53,209 [INFO] zips - Extracting [/tmp/cache/httpd-mod_proxy-2.4.10.tar.gz] into [/tmp/staged/app/httpd]
2015-03-25 14:18:53,381 [INFO] downloads - Downloaded [https://pivotal-buildpacks.s3.amazonaws.com/php/binaries/lucid/httpd/2.4.10/httpd-mod_dir-2.4.10.tar.gz.sha1] to memory
2015-03-25 14:18:53,587 [INFO] downloads - Downloaded [https://pivotal-buildpacks.s3.amazonaws.com/php/binaries/lucid/httpd/2.4.10/httpd-mod_dir-2.4.10.tar.gz] to [/tmp/httpd-mod_dir-2.4.10.tar.gz]
2015-03-25 14:18:53,588 [INFO] zips - Extracting [/tmp/cache/httpd-mod_dir-2.4.10.tar.gz] into [/tmp/staged/app/httpd]
2015-03-25 14:18:53,756 [INFO] downloads - Downloaded [https://pivotal-buildpacks.s3.amazonaws.com/php/binaries/lucid/httpd/2.4.10/httpd-mod_reqtimeout-2.4.10.tar.gz.sha1] to memory
2015-03-25 14:18:53,971 [INFO] downloads - Downloaded [https://pivotal-buildpacks.s3.amazonaws.com/php/binaries/lucid/httpd/2.4.10/httpd-mod_reqtimeout-2.4.10.tar.gz] to [/tmp/httpd-mod_reqtimeout-2.4.10.tar.gz]
2015-03-25 14:18:53,971 [INFO] zips - Extracting [/tmp/cache/httpd-mod_reqtimeout-2.4.10.tar.gz] into [/tmp/staged/app/httpd]
2015-03-25 14:18:54,142 [INFO] downloads - Downloaded [https://pivotal-buildpacks.s3.amazonaws.com/php/binaries/lucid/httpd/2.4.10/httpd-mod_log_config-2.4.10.tar.gz.sha1] to memory
2015-03-25 14:18:54,356 [INFO] downloads - Downloaded [https://pivotal-buildpacks.s3.amazonaws.com/php/binaries/lucid/httpd/2.4.10/httpd-mod_log_config-2.4.10.tar.gz] to [/tmp/httpd-mod_log_config-2.4.10.tar.gz]
2015-03-25 14:18:54,357 [INFO] zips - Extracting [/tmp/cache/httpd-mod_log_config-2.4.10.tar.gz] into [/tmp/staged/app/httpd]
2015-03-25 14:18:54,546 [INFO] downloads - Downloaded [https://pivotal-buildpacks.s3.amazonaws.com/php/binaries/lucid/httpd/2.4.10/httpd-mod_authz_core-2.4.10.tar.gz.sha1] to memory
2015-03-25 14:18:54,763 [INFO] downloads - Downloaded [https://pivotal-buildpacks.s3.amazonaws.com/php/binaries/lucid/httpd/2.4.10/httpd-mod_authz_core-2.4.10.tar.gz] to [/tmp/httpd-mod_authz_core-2.4.10.tar.gz]
2015-03-25 14:18:54,764 [INFO] zips - Extracting [/tmp/cache/httpd-mod_authz_core-2.4.10.tar.gz] into [/tmp/staged/app/httpd]
2015-03-25 14:18:54,960 [INFO] downloads - Downloaded [https://pivotal-buildpacks.s3.amazonaws.com/php/binaries/lucid/httpd/2.4.10/httpd-mod_mime-2.4.10.tar.gz.sha1] to memory
2015-03-25 14:18:55,172 [INFO] downloads - Downloaded [https://pivotal-buildpacks.s3.amazonaws.com/php/binaries/lucid/httpd/2.4.10/httpd-mod_mime-2.4.10.tar.gz] to [/tmp/httpd-mod_mime-2.4.10.tar.gz]
2015-03-25 14:18:55,173 [INFO] zips - Extracting [/tmp/cache/httpd-mod_mime-2.4.10.tar.gz] into [/tmp/staged/app/httpd]
2015-03-25 14:18:55,345 [INFO] downloads - Downloaded [https://pivotal-buildpacks.s3.amazonaws.com/php/binaries/lucid/httpd/2.4.10/httpd-mod_proxy_fcgi-2.4.10.tar.gz.sha1] to memory
2015-03-25 14:18:55,560 [INFO] downloads - Downloaded [https://pivotal-buildpacks.s3.amazonaws.com/php/binaries/lucid/httpd/2.4.10/httpd-mod_proxy_fcgi-2.4.10.tar.gz] to [/tmp/httpd-mod_proxy_fcgi-2.4.10.tar.gz]
2015-03-25 14:18:55,560 [INFO] zips - Extracting [/tmp/cache/httpd-mod_proxy_fcgi-2.4.10.tar.gz] into [/tmp/staged/app/httpd]
2015-03-25 14:18:55,732 [INFO] downloads - Downloaded [https://pivotal-buildpacks.s3.amazonaws.com/php/binaries/lucid/httpd/2.4.10/httpd-mod_remoteip-2.4.10.tar.gz.sha1] to memory
2015-03-25 14:18:55,943 [INFO] downloads - Downloaded [https://pivotal-buildpacks.s3.amazonaws.com/php/binaries/lucid/httpd/2.4.10/httpd-mod_remoteip-2.4.10.tar.gz] to [/tmp/httpd-mod_remoteip-2.4.10.tar.gz]
2015-03-25 14:18:55,944 [INFO] zips - Extracting [/tmp/cache/httpd-mod_remoteip-2.4.10.tar.gz] into [/tmp/staged/app/httpd]
2015-03-25 14:18:56,112 [INFO] downloads - Downloaded [https://pivotal-buildpacks.s3.amazonaws.com/php/binaries/lucid/httpd/2.4.10/httpd-mod_env-2.4.10.tar.gz.sha1] to memory
2015-03-25 14:18:56,297 [INFO] downloads - Downloaded [https://pivotal-buildpacks.s3.amazonaws.com/php/binaries/lucid/httpd/2.4.10/httpd-mod_env-2.4.10.tar.gz] to [/tmp/httpd-mod_env-2.4.10.tar.gz]
2015-03-25 14:18:56,298 [INFO] zips - Extracting [/tmp/cache/httpd-mod_env-2.4.10.tar.gz] into [/tmp/staged/app/httpd]
2015-03-25 14:18:56,457 [INFO] downloads - Downloaded [https://pivotal-buildpacks.s3.amazonaws.com/php/binaries/lucid/httpd/2.4.10/httpd-mod_mpm_event-2.4.10.tar.gz.sha1] to memory
2015-03-25 14:18:56,712 [INFO] downloads - Downloaded [https://pivotal-buildpacks.s3.amazonaws.com/php/binaries/lucid/httpd/2.4.10/httpd-mod_mpm_event-2.4.10.tar.gz] to [/tmp/httpd-mod_mpm_event-2.4.10.tar.gz]
2015-03-25 14:18:56,713 [INFO] zips - Extracting [/tmp/cache/httpd-mod_mpm_event-2.4.10.tar.gz] into [/tmp/staged/app/httpd]
2015-03-25 14:18:56,895 [INFO] downloads - Downloaded [https://pivotal-buildpacks.s3.amazonaws.com/php/binaries/lucid/httpd/2.4.10/httpd-mod_rewrite-2.4.10.tar.gz.sha1] to memory
2015-03-25 14:18:57,140 [INFO] downloads - Downloaded [https://pivotal-buildpacks.s3.amazonaws.com/php/binaries/lucid/httpd/2.4.10/httpd-mod_rewrite-2.4.10.tar.gz] to [/tmp/httpd-mod_rewrite-2.4.10.tar.gz]
2015-03-25 14:18:57,141 [INFO] zips - Extracting [/tmp/cache/httpd-mod_rewrite-2.4.10.tar.gz] into [/tmp/staged/app/httpd]
2015-03-25 14:18:57,314 [INFO] downloads - Downloaded [https://pivotal-buildpacks.s3.amazonaws.com/php/binaries/lucid/httpd/2.4.10/httpd-mod_authz_host-2.4.10.tar.gz.sha1] to memory
2015-03-25 14:18:57,494 [INFO] downloads - Downloaded [https://pivotal-buildpacks.s3.amazonaws.com/php/binaries/lucid/httpd/2.4.10/httpd-mod_authz_host-2.4.10.tar.gz] to [/tmp/httpd-mod_authz_host-2.4.10.tar.gz]
2015-03-25 14:18:57,495 [INFO] zips - Extracting [/tmp/cache/httpd-mod_authz_host-2.4.10.tar.gz] into [/tmp/staged/app/httpd]
2015-03-25 14:18:57,512 [WARNING] helpers - Selected version of PHP [PHP_55_LATEST] not available.  Defaulting to the latest version [5.4.36]
2015-03-25 14:18:57,694 [INFO] downloads - Downloaded [https://pivotal-buildpacks.s3.amazonaws.com/php/binaries/lucid/php/5.4.36/php-5.4.36.tar.gz.sha1] to memory
2015-03-25 14:18:58,157 [INFO] downloads - Downloaded [https://pivotal-buildpacks.s3.amazonaws.com/php/binaries/lucid/php/5.4.36/php-5.4.36.tar.gz] to [/tmp/php-5.4.36.tar.gz]
2015-03-25 14:18:58,159 [INFO] zips - Extracting [/tmp/cache/php-5.4.36.tar.gz] into [/tmp/staged/app/php]
2015-03-25 14:18:58,186 [INFO] builder - Installed [PHP] to [/tmp/staged/app/php]
2015-03-25 14:18:58,188 [INFO] utils - Rewriting configuration under [/tmp/staged/app/php/etc]
2015-03-25 14:18:58,192 [INFO] cache - Using [/tmp/cache] as cache directory.
2015-03-25 14:18:58,363 [INFO] downloads - Downloaded [https://pivotal-buildpacks.s3.amazonaws.com/php/binaries/lucid/php/5.4.36/php-bz2-5.4.36.tar.gz.sha1] to memory
2015-03-25 14:18:58,599 [INFO] downloads - Downloaded [https://pivotal-buildpacks.s3.amazonaws.com/php/binaries/lucid/php/5.4.36/php-bz2-5.4.36.tar.gz] to [/tmp/php-bz2-5.4.36.tar.gz]
2015-03-25 14:18:58,600 [INFO] zips - Extracting [/tmp/cache/php-bz2-5.4.36.tar.gz] into [/tmp/staged/app/php]
2015-03-25 14:18:58,789 [INFO] downloads - Downloaded [https://pivotal-buildpacks.s3.amazonaws.com/php/binaries/lucid/php/5.4.36/php-zip-5.4.36.tar.gz.sha1] to memory
2015-03-25 14:18:59,204 [INFO] downloads - Downloaded [https://pivotal-buildpacks.s3.amazonaws.com/php/binaries/lucid/php/5.4.36/php-zip-5.4.36.tar.gz] to [/tmp/php-zip-5.4.36.tar.gz]
2015-03-25 14:18:59,207 [INFO] zips - Extracting [/tmp/cache/php-zip-5.4.36.tar.gz] into [/tmp/staged/app/php]
2015-03-25 14:18:59,408 [INFO] downloads - Downloaded [https://pivotal-buildpacks.s3.amazonaws.com/php/binaries/lucid/php/5.4.36/php-fpm-5.4.36.tar.gz.sha1] to memory
2015-03-25 14:19:00,538 [INFO] downloads - Downloaded [https://pivotal-buildpacks.s3.amazonaws.com/php/binaries/lucid/php/5.4.36/php-fpm-5.4.36.tar.gz] to [/tmp/php-fpm-5.4.36.tar.gz]
2015-03-25 14:19:00,604 [INFO] zips - Extracting [/tmp/cache/php-fpm-5.4.36.tar.gz] into [/tmp/staged/app/php]
2015-03-25 14:19:01,031 [INFO] downloads - Downloaded [https://pivotal-buildpacks.s3.amazonaws.com/php/binaries/lucid/php/5.4.36/php-zlib-5.4.36.tar.gz.sha1] to memory
2015-03-25 14:19:01,346 [INFO] downloads - Downloaded [https://pivotal-buildpacks.s3.amazonaws.com/php/binaries/lucid/php/5.4.36/php-zlib-5.4.36.tar.gz] to [/tmp/php-zlib-5.4.36.tar.gz]
2015-03-25 14:19:01,347 [INFO] zips - Extracting [/tmp/cache/php-zlib-5.4.36.tar.gz] into [/tmp/staged/app/php]
2015-03-25 14:19:01,537 [INFO] downloads - Downloaded [https://pivotal-buildpacks.s3.amazonaws.com/php/binaries/lucid/php/5.4.36/php-openssl-5.4.36.tar.gz.sha1] to memory
2015-03-25 14:19:01,876 [INFO] downloads - Downloaded [https://pivotal-buildpacks.s3.amazonaws.com/php/binaries/lucid/php/5.4.36/php-openssl-5.4.36.tar.gz] to [/tmp/php-openssl-5.4.36.tar.gz]
2015-03-25 14:19:01,878 [INFO] zips - Extracting [/tmp/cache/php-openssl-5.4.36.tar.gz] into [/tmp/staged/app/php]
2015-03-25 14:19:02,088 [INFO] downloads - Downloaded [https://pivotal-buildpacks.s3.amazonaws.com/php/binaries/lucid/php/5.4.36/php-gd-5.4.36.tar.gz.sha1] to memory
2015-03-25 14:19:02,545 [INFO] downloads - Downloaded [https://pivotal-buildpacks.s3.amazonaws.com/php/binaries/lucid/php/5.4.36/php-gd-5.4.36.tar.gz] to [/tmp/php-gd-5.4.36.tar.gz]
2015-03-25 14:19:02,548 [INFO] zips - Extracting [/tmp/cache/php-gd-5.4.36.tar.gz] into [/tmp/staged/app/php]
2015-03-25 14:19:02,754 [INFO] downloads - Downloaded [https://pivotal-buildpacks.s3.amazonaws.com/php/binaries/lucid/php/5.4.36/php-mcrypt-5.4.36.tar.gz.sha1] to memory
2015-03-25 14:19:03,129 [INFO] downloads - Downloaded [https://pivotal-buildpacks.s3.amazonaws.com/php/binaries/lucid/php/5.4.36/php-mcrypt-5.4.36.tar.gz] to [/tmp/php-mcrypt-5.4.36.tar.gz]
2015-03-25 14:19:03,131 [INFO] zips - Extracting [/tmp/cache/php-mcrypt-5.4.36.tar.gz] into [/tmp/staged/app/php]
2015-03-25 14:19:03,364 [INFO] downloads - Downloaded [https://pivotal-buildpacks.s3.amazonaws.com/php/binaries/lucid/php/5.4.36/php-mbstring-5.4.36.tar.gz.sha1] to memory
2015-03-25 14:19:04,767 [INFO] downloads - Downloaded [https://pivotal-buildpacks.s3.amazonaws.com/php/binaries/lucid/php/5.4.36/php-mbstring-5.4.36.tar.gz] to [/tmp/php-mbstring-5.4.36.tar.gz]
2015-03-25 14:19:04,776 [INFO] zips - Extracting [/tmp/cache/php-mbstring-5.4.36.tar.gz] into [/tmp/staged/app/php]
2015-03-25 14:19:04,995 [INFO] downloads - Downloaded [https://pivotal-buildpacks.s3.amazonaws.com/php/binaries/lucid/php/5.4.36/php-mysql-5.4.36.tar.gz.sha1] to memory
2015-03-25 14:19:05,261 [INFO] downloads - Downloaded [https://pivotal-buildpacks.s3.amazonaws.com/php/binaries/lucid/php/5.4.36/php-mysql-5.4.36.tar.gz] to [/tmp/php-mysql-5.4.36.tar.gz]
2015-03-25 14:19:05,262 [INFO] zips - Extracting [/tmp/cache/php-mysql-5.4.36.tar.gz] into [/tmp/staged/app/php]
2015-03-25 14:19:05,483 [INFO] downloads - Downloaded [https://pivotal-buildpacks.s3.amazonaws.com/php/binaries/lucid/php/5.4.36/php-mysqli-5.4.36.tar.gz.sha1] to memory
2015-03-25 14:19:05,911 [INFO] downloads - Downloaded [https://pivotal-buildpacks.s3.amazonaws.com/php/binaries/lucid/php/5.4.36/php-mysqli-5.4.36.tar.gz] to [/tmp/php-mysqli-5.4.36.tar.gz]
2015-03-25 14:19:05,913 [INFO] zips - Extracting [/tmp/cache/php-mysqli-5.4.36.tar.gz] into [/tmp/staged/app/php]
2015-03-25 14:19:06,116 [INFO] downloads - Downloaded [https://pivotal-buildpacks.s3.amazonaws.com/php/binaries/lucid/php/5.4.36/php-curl-5.4.36.tar.gz.sha1] to memory
2015-03-25 14:19:06,467 [INFO] downloads - Downloaded [https://pivotal-buildpacks.s3.amazonaws.com/php/binaries/lucid/php/5.4.36/php-curl-5.4.36.tar.gz] to [/tmp/php-curl-5.4.36.tar.gz]
2015-03-25 14:19:06,469 [INFO] zips - Extracting [/tmp/cache/php-curl-5.4.36.tar.gz] into [/tmp/staged/app/php]
2015-03-25 14:19:06,492 [INFO] cache - Using [/tmp/cache] as cache directory.
2015-03-25 14:19:06,492 [INFO] cache - Using [/tmp/cache] as cache directory.
2015-03-25 14:19:06,678 [INFO] downloads - Downloaded [https://pivotal-buildpacks.s3.amazonaws.com/php/binaries/lucid/php/5.4.36/php-cli-5.4.36.tar.gz.sha1] to memory
2015-03-25 14:19:07,892 [INFO] downloads - Downloaded [https://pivotal-buildpacks.s3.amazonaws.com/php/binaries/lucid/php/5.4.36/php-cli-5.4.36.tar.gz] to [/tmp/php-cli-5.4.36.tar.gz]
2015-03-25 14:19:07,955 [INFO] zips - Extracting [/tmp/cache/php-cli-5.4.36.tar.gz] into [/tmp/staged/app/php]
2015-03-25 14:19:08,199 [INFO] cache - Using [/tmp/cache] as cache directory.
2015-03-25 14:19:08,379 [INFO] downloads - Downloaded [https://pivotal-buildpacks.s3.amazonaws.com/php/binaries/lucid/composer/1.0.0-alpha8/composer.phar.sha1] to memory
2015-03-25 14:19:09,658 [INFO] downloads - Downloaded [https://pivotal-buildpacks.s3.amazonaws.com/php/binaries/lucid/composer/1.0.0-alpha8/composer.phar] to [/tmp/composer.phar]
2015-03-25 14:19:09,669 [WARNING] composer - PROTIP: Include a `composer.lock` file with your application! This will make sure the exact same version of dependencies are used when you deploy to CloudFoundry.
2015-03-25 14:19:09,671 [INFO] utils - Rewriting configuration file [/tmp/php.ini]
2015-03-25 14:25:52,552 [INFO] newrelic - Initializing
2015-03-25 14:25:52,553 [INFO] newrelic - NewRelic services not detected.
2015-03-25 14:25:52,701 [INFO] cloudfoundry - CloudFoundry Initialized.
2015-03-25 14:25:52,721 [INFO] cloudfoundry - Build Pack Version: https://github.com/cloudfoundry/php-buildpack#f5b0b78

